#
# There is insufficient memory for the Java Runtime Environment to continue.
# Native memory allocation (malloc) failed to allocate 1048576 bytes for AllocateHeap
# Possible reasons:
#   The system is out of physical RAM or swap space
#   The process is running with CompressedOops enabled, and the Java Heap may be blocking the growth of the native heap
# Possible solutions:
#   Reduce memory load on the system
#   Increase physical memory or swap space
#   Check if swap backing store is full
#   Decrease Java heap size (-Xmx/-Xms)
#   Decrease number of Java threads
#   Decrease Java thread stack sizes (-Xss)
#   Set larger code cache with -XX:ReservedCodeCacheSize=
#   JVM is running with Unscaled Compressed Oops mode in which the Java heap is
#     placed in the first 4GB address space. The Java Heap base address is the
#     maximum limit for the native heap growth. Please use -XX:HeapBaseMinAddress
#     to set the Java Heap base and to place the Java Heap above 4GB virtual address.
# This output file may be truncated or incomplete.
#
#  Out of Memory Error (allocation.cpp:44), pid=167840, tid=171772
#
# JRE version:  (17.0.4.1+1) (build )
# Java VM: OpenJDK 64-Bit Server VM (17.0.4.1+1, mixed mode, emulated-client, sharing, tiered, compressed oops, compressed class ptrs, g1 gc, windows-amd64)
# No core dump will be written. Minidumps are not enabled by default on client versions of Windows
#

---------------  S U M M A R Y ------------

Command Line: -Dcom.sun.management.jmxremote -Dcom.sun.management.jmxremote.port=59558 -Dcom.sun.management.jmxremote.authenticate=false -Dcom.sun.management.jmxremote.ssl=false -Djava.rmi.server.hostname=localhost -Dspring.jmx.enabled=true -Dspring.application.admin.enabled=true -XX:TieredStopAtLevel=1 -Dspring.boot.project.name=projeto -Dfile.encoding=UTF-8 -XX:+ShowCodeDetailsInExceptionMessages br.com.criandoapi.youtube.projeto.ProjetoApplication --spring.output.ansi.enabled=always

Host: 11th Gen Intel(R) Core(TM) i5-1135G7 @ 2.40GHz, 8 cores, 7G,  Windows 11 , 64 bit Build 22000 (10.0.22000.708)
Time: Fri Nov  4 17:15:52 2022 Hora Padrão de Buenos Aires elapsed time: 0.064504 seconds (0d 0h 0m 0s)

---------------  T H R E A D  ---------------

Current thread (0x000001c4dd74edf0):  JavaThread "Unknown thread" [_thread_in_vm, id=171772, stack(0x00000012b9500000,0x00000012b9600000)]

Stack: [0x00000012b9500000,0x00000012b9600000]
Native frames: (J=compiled Java code, j=interpreted, Vv=VM code, C=native code)
V  [jvm.dll+0x67731a]
V  [jvm.dll+0x832284]
V  [jvm.dll+0x833a2e]
V  [jvm.dll+0x834093]
V  [jvm.dll+0x245775]
V  [jvm.dll+0xa6393]
V  [jvm.dll+0x2e4697]
V  [jvm.dll+0x2dc4fb]
V  [jvm.dll+0x803db1]
V  [jvm.dll+0x3698f1]
V  [jvm.dll+0x7e31bc]
V  [jvm.dll+0x3ec25f]
V  [jvm.dll+0x3edde1]
C  [jli.dll+0x5277]
C  [ucrtbase.dll+0x26c0c]
C  [KERNEL32.DLL+0x154e0]
C  [ntdll.dll+0x485b]


---------------  P R O C E S S  ---------------

Threads class SMR info:
_java_thread_list=0x00007ff9be1c4e98, length=0, elements={
}

Java Threads: ( => current thread )

Other Threads:
  0x000001c4dd7a77e0 GCTaskThread "GC Thread#0" [stack: 0x00000012b9600000,0x00000012b9700000] [id=168256]

[error occurred during error reporting (printing all threads), id 0xc0000005, EXCEPTION_ACCESS_VIOLATION (0xc0000005) at pc=0x00007ff9bd999620]

VM state: not at safepoint (not fully initialized)

VM Mutex/Monitor currently owned by a thread:  ([mutex/lock_event])
[0x000001c4dd74af50] Heap_lock - owner thread: 0x000001c4dd74edf0

Heap address: 0x0000000084200000, size: 1982 MB, Compressed Oops mode: 32-bit

CDS archive(s) mapped at: [0x0000000000000000-0x0000000000000000-0x0000000000000000), size 0, SharedBaseAddress: 0x0000000800000000, ArchiveRelocationMode: 0.
Narrow klass base: 0x0000000000000000, Narrow klass shift: 0, Narrow klass range: 0x0

GC Precious Log:
<Empty>

Heap:
 garbage-first heap   total 0K, used 0K [0x0000000084200000, 0x0000000100000000)
  region size 1024K, 0 young (0K), 0 survivors (0K)

[error occurred during error reporting (printing heap information), id 0xc0000005, EXCEPTION_ACCESS_VIOLATION (0xc0000005) at pc=0x00007ff9bdd80699]

GC Heap History (0 events):
No events

Deoptimization events (0 events):
No events

Classes unloaded (0 events):
No events

Classes redefined (0 events):
No events

Internal exceptions (0 events):
No events

VM Operations (0 events):
No events

Events (1 events):
Event: 0.045 Loaded shared library C:\dell\sts-4.16.0.RELEASE\plugins\org.eclipse.justj.openjdk.hotspot.jre.full.win32.x86_64_17.0.4.v20220903-1038\jre\bin\java.dll


Dynamic libraries:
0x00007ff65f7a0000 - 0x00007ff65f7ae000 	C:\dell\sts-4.16.0.RELEASE\plugins\org.eclipse.justj.openjdk.hotspot.jre.full.win32.x86_64_17.0.4.v20220903-1038\jre\bin\javaw.exe
0x00007ffa2dd00000 - 0x00007ffa2df09000 	C:\Windows\SYSTEM32\ntdll.dll
0x00007ffa2bfe0000 - 0x00007ffa2c09d000 	C:\Windows\System32\KERNEL32.DLL
0x00007ffa2b710000 - 0x00007ffa2ba8b000 	C:\Windows\System32\KERNELBASE.dll
0x00007ffa2b4d0000 - 0x00007ffa2b5e1000 	C:\Windows\System32\ucrtbase.dll
0x00007ffa27270000 - 0x00007ffa27289000 	C:\dell\sts-4.16.0.RELEASE\plugins\org.eclipse.justj.openjdk.hotspot.jre.full.win32.x86_64_17.0.4.v20220903-1038\jre\bin\VCRUNTIME140.dll
0x00007ffa1dc70000 - 0x00007ffa1dc88000 	C:\dell\sts-4.16.0.RELEASE\plugins\org.eclipse.justj.openjdk.hotspot.jre.full.win32.x86_64_17.0.4.v20220903-1038\jre\bin\jli.dll
0x00007ffa2cbf0000 - 0x00007ffa2cd9d000 	C:\Windows\System32\USER32.dll
0x00007ffa18690000 - 0x00007ffa18935000 	C:\Windows\WinSxS\amd64_microsoft.windows.common-controls_6595b64144ccf1df_6.0.22000.120_none_9d947278b86cc467\COMCTL32.dll
0x00007ffa2bb50000 - 0x00007ffa2bb76000 	C:\Windows\System32\win32u.dll
0x00007ffa2d840000 - 0x00007ffa2d869000 	C:\Windows\System32\GDI32.dll
0x00007ffa2b5f0000 - 0x00007ffa2b708000 	C:\Windows\System32\gdi32full.dll
0x00007ffa2b430000 - 0x00007ffa2b4cd000 	C:\Windows\System32\msvcp_win.dll
0x00007ffa2d600000 - 0x00007ffa2d6a3000 	C:\Windows\System32\msvcrt.dll
0x00007ffa2d880000 - 0x00007ffa2d8b1000 	C:\Windows\System32\IMM32.DLL
0x00007ffa28da0000 - 0x00007ffa28dac000 	C:\dell\sts-4.16.0.RELEASE\plugins\org.eclipse.justj.openjdk.hotspot.jre.full.win32.x86_64_17.0.4.v20220903-1038\jre\bin\vcruntime140_1.dll
0x00007ff9f6b20000 - 0x00007ff9f6bb1000 	C:\dell\sts-4.16.0.RELEASE\plugins\org.eclipse.justj.openjdk.hotspot.jre.full.win32.x86_64_17.0.4.v20220903-1038\jre\bin\msvcp140.dll
0x00007ff9bd6b0000 - 0x00007ff9be2f6000 	C:\dell\sts-4.16.0.RELEASE\plugins\org.eclipse.justj.openjdk.hotspot.jre.full.win32.x86_64_17.0.4.v20220903-1038\jre\bin\server\jvm.dll
0x00007ffa2d6b0000 - 0x00007ffa2d75e000 	C:\Windows\System32\ADVAPI32.dll
0x00007ffa2bdc0000 - 0x00007ffa2be5e000 	C:\Windows\System32\sechost.dll
0x00007ffa2c860000 - 0x00007ffa2c980000 	C:\Windows\System32\RPCRT4.dll
0x00007ffa2ca40000 - 0x00007ffa2ca48000 	C:\Windows\System32\PSAPI.DLL
0x00007ff9fcf80000 - 0x00007ff9fcf89000 	C:\Windows\SYSTEM32\WSOCK32.dll
0x00007ffa2d760000 - 0x00007ffa2d7cf000 	C:\Windows\System32\WS2_32.dll
0x00007ffa1fb70000 - 0x00007ffa1fb7a000 	C:\Windows\SYSTEM32\VERSION.dll
0x00007ffa28d10000 - 0x00007ffa28d43000 	C:\Windows\SYSTEM32\WINMM.dll
0x00007ffa2a2a0000 - 0x00007ffa2a2b8000 	C:\Windows\SYSTEM32\kernel.appcore.dll
0x00007ffa28de0000 - 0x00007ffa28dea000 	C:\dell\sts-4.16.0.RELEASE\plugins\org.eclipse.justj.openjdk.hotspot.jre.full.win32.x86_64_17.0.4.v20220903-1038\jre\bin\jimage.dll
0x00007ffa28ab0000 - 0x00007ffa28cd1000 	C:\Windows\SYSTEM32\DBGHELP.DLL
0x00007ffa28a70000 - 0x00007ffa28aa1000 	C:\Windows\SYSTEM32\dbgcore.DLL
0x00007ffa2b3b0000 - 0x00007ffa2b42f000 	C:\Windows\System32\bcryptPrimitives.dll
0x00007ffa239f0000 - 0x00007ffa23a15000 	C:\dell\sts-4.16.0.RELEASE\plugins\org.eclipse.justj.openjdk.hotspot.jre.full.win32.x86_64_17.0.4.v20220903-1038\jre\bin\java.dll

dbghelp: loaded successfully - version: 4.0.5 - missing functions: none
symbol engine: initialized successfully - sym options: 0x614 - pdb path: .;C:\dell\sts-4.16.0.RELEASE\plugins\org.eclipse.justj.openjdk.hotspot.jre.full.win32.x86_64_17.0.4.v20220903-1038\jre\bin;C:\Windows\SYSTEM32;C:\Windows\WinSxS\amd64_microsoft.windows.common-controls_6595b64144ccf1df_6.0.22000.120_none_9d947278b86cc467;C:\dell\sts-4.16.0.RELEASE\plugins\org.eclipse.justj.openjdk.hotspot.jre.full.win32.x86_64_17.0.4.v20220903-1038\jre\bin\server

VM Arguments:
jvm_args: -Dcom.sun.management.jmxremote -Dcom.sun.management.jmxremote.port=59558 -Dcom.sun.management.jmxremote.authenticate=false -Dcom.sun.management.jmxremote.ssl=false -Djava.rmi.server.hostname=localhost -Dspring.jmx.enabled=true -Dspring.application.admin.enabled=true -XX:TieredStopAtLevel=1 -Dspring.boot.project.name=projeto -Dfile.encoding=UTF-8 -XX:+ShowCodeDetailsInExceptionMessages 
java_command: br.com.criandoapi.youtube.projeto.ProjetoApplication --spring.output.ansi.enabled=always
java_class_path (initial): C:\Users\yuri-\OneDrive\Área de Trabalho\ProjetoCompleto_Youtube\ProjetoYOutubeFrontBack\projeto\target\classes;C:\Users\yuri-\.m2\repository\org\springframework\boot\spring-boot-starter-data-jpa\2.7.5\spring-boot-starter-data-jpa-2.7.5.jar;C:\Users\yuri-\.m2\repository\org\springframework\boot\spring-boot-starter-aop\2.7.5\spring-boot-starter-aop-2.7.5.jar;C:\Users\yuri-\.m2\repository\org\springframework\spring-aop\5.3.23\spring-aop-5.3.23.jar;C:\Users\yuri-\.m2\repository\org\aspectj\aspectjweaver\1.9.7\aspectjweaver-1.9.7.jar;C:\Users\yuri-\.m2\repository\org\springframework\boot\spring-boot-starter-jdbc\2.7.5\spring-boot-starter-jdbc-2.7.5.jar;C:\Users\yuri-\.m2\repository\com\zaxxer\HikariCP\4.0.3\HikariCP-4.0.3.jar;C:\Users\yuri-\.m2\repository\org\springframework\spring-jdbc\5.3.23\spring-jdbc-5.3.23.jar;C:\Users\yuri-\.m2\repository\jakarta\transaction\jakarta.transaction-api\1.3.3\jakarta.transaction-api-1.3.3.jar;C:\Users\yuri-\.m2\repository\jakarta\persistence\jakarta.persistence-api\2.2.3\jakarta.persistence-api-2.2.3.jar;C:\Users\yuri-\.m2\repository\org\hibernate\hibernate-core\5.6.12.Final\hibernate-core-5.6.12.Final.jar;C:\Users\yuri-\.m2\repository\org\jboss\logging\jboss-logging\3.4.3.Final\jboss-logging-3.4.3.Final.jar;C:\Users\yuri-\.m2\repository\net\bytebuddy\byte-buddy\1.12.18\byte-buddy-1.12.18.jar;C:\Users\yuri-\.m2\repository\antlr\antlr\2.7.7\antlr-2.7.7.jar;C:\Users\yuri-\.m2\repository\org\jboss\jandex\2.4.2.Final\jandex-2.4.2.Final.jar;C:\Users\yuri-\.m2\repository\com\fasterxml\classmate\1.5.1\classmate-1.5.1.jar;C:\Users\yuri-\.m2\repository\org\hibernate\common\hibernate-commons-annotations\5.1.2.Final\hibernate-commons-annotations-5.1.2.Final.jar;C:\Users\yuri-\.m2\repository\org\glassfish\jaxb\jaxb-runtime\2.3.7\jaxb-runtime-2.3.7.jar;C:\Users\yuri-\.m2\repository\org\glassfish\jaxb\txw2\2.3.7\txw2-2.3.7.jar;C:\Users\yuri-\.m2\repository\com\sun\istack\istack-commons-runtime\3.0.12\istack-commons-runt
Launcher Type: SUN_STANDARD

[Global flags]
     intx CICompilerCount                          = 4                                         {product} {ergonomic}
     uint ConcGCThreads                            = 2                                         {product} {ergonomic}
     uint G1ConcRefinementThreads                  = 8                                         {product} {ergonomic}
   size_t G1HeapRegionSize                         = 1048576                                   {product} {ergonomic}
    uintx GCDrainStackTargetSize                   = 64                                        {product} {ergonomic}
   size_t InitialHeapSize                          = 130023424                                 {product} {ergonomic}
     bool ManagementServer                         = true                                      {product} {command line}
   size_t MarkStackSize                            = 4194304                                   {product} {ergonomic}
   size_t MaxHeapSize                              = 2078277632                                {product} {ergonomic}
   size_t MinHeapDeltaBytes                        = 1048576                                   {product} {ergonomic}
   size_t MinHeapSize                              = 8388608                                   {product} {ergonomic}
    uintx NonProfiledCodeHeapSize                  = 0                                      {pd product} {ergonomic}
     bool ProfileInterpreter                       = false                                  {pd product} {command line}
    uintx ProfiledCodeHeapSize                     = 0                                      {pd product} {ergonomic}
     bool ShowCodeDetailsInExceptionMessages       = true                                   {manageable} {command line}
   size_t SoftMaxHeapSize                          = 2078277632                             {manageable} {ergonomic}
     intx TieredStopAtLevel                        = 1                                         {product} {command line}
     bool UseCompressedClassPointers               = true                           {product lp64_product} {ergonomic}
     bool UseCompressedOops                        = true                           {product lp64_product} {ergonomic}
     bool UseG1GC                                  = true                                      {product} {ergonomic}
     bool UseLargePagesIndividualAllocation        = false                                  {pd product} {ergonomic}

Logging:
Log output configuration:
 #0: stdout all=warning uptime,level,tags
 #1: stderr all=off uptime,level,tags

Environment Variables:
JAVA_HOME=C:\Program Files\Java\zulu11.56.19-ca-jdk11.0.15-win_x64
PATH=C:/dell/sts-4.16.0.RELEASE//plugins/org.eclipse.justj.openjdk.hotspot.jre.full.win32.x86_64_17.0.4.v20220903-1038/jre/bin/server;C:/dell/sts-4.16.0.RELEASE//plugins/org.eclipse.justj.openjdk.hotspot.jre.full.win32.x86_64_17.0.4.v20220903-1038/jre/bin;C:\Program Files\Java\zulu11.56.19-ca-jdk11.0.15-win_x64\bin;C:\Windows\system32;C:\Windows;C:\Windows\System32\Wbem;C:\Windows\System32\WindowsPowerShell\v1.0\;C:\Windows\System32\OpenSSH\;C:\Program Files\dotnet\;C:\Program Files\Git\cmd;C:\Program Files\nodejs\;;C:\ProgramData\UNIVALI\Portugol Studio;C:\Program Files\MySQL\MySQL Shell 8.0\bin\;C:\Users\yuri-\AppData\Local\Programs\Python\Python310\Scripts\;C:\Users\yuri-\AppData\Local\Programs\Python\Python310\;C:\Users\yuri-\AppData\Local\Microsoft\WindowsApps;C:\Users\yuri-\AppData\Local\Programs\Microsoft VS Code\bin;C:\Users\yuri-\AppData\Local\GitHubDesktop\bin;C:\Users\yuri-\AppData\Roaming\npm;C:\Program Files\JetBrains\IntelliJ IDEA 2022.2.1\bin;;C:\dell\sts-4.16.0.RELEASE;
USERNAME=yuri-
OS=Windows_NT
PROCESSOR_IDENTIFIER=Intel64 Family 6 Model 140 Stepping 1, GenuineIntel
TMP=C:\Users\yuri-\AppData\Local\Temp
TEMP=C:\Users\yuri-\AppData\Local\Temp



---------------  S Y S T E M  ---------------

OS:
 Windows 11 , 64 bit Build 22000 (10.0.22000.708)
OS uptime: 21 days 7:33 hours
Hyper-V role detected

CPU: total 8 (initial active 8) (4 cores per cpu, 2 threads per core) family 6 model 140 stepping 1 microcode 0xa4, cx8, cmov, fxsr, ht, mmx, 3dnowpref, sse, sse2, sse3, ssse3, sse4.1, sse4.2, popcnt, lzcnt, tsc, tscinvbit, avx, avx2, aes, erms, clmul, bmi1, bmi2, adx, avx512f, avx512dq, avx512cd, avx512bw, avx512vl, sha, fma, vzeroupper, avx512_vpopcntdq, avx512_vpclmulqdq, avx512_vaes, avx512_vnni, clflush, clflushopt, clwb, avx512_vbmi2, avx512_vbmi, hv

Memory: 4k page, system-wide physical 7926M (59M free)
TotalPageFile size 32502M (AvailPageFile size 6M)
current process WorkingSet (physical memory assigned to process): 10M, peak: 10M
current process commit charge ("private bytes"): 52M, peak: 53M

vm_info: OpenJDK 64-Bit Server VM (17.0.4.1+1) for windows-amd64 JRE (17.0.4.1+1), built on Aug 17 2022 07:42:43 by "temurin" with MS VC++ 16.7 (VS2019)

END.
